<?xml version="1.0" encoding="UTF-8"?>
<!-- Generated by org.testng.reporters.JUnitReportReporter -->
<testsuite skipped="0" hostname="DESKTOP-KAL629A" name="Com.cjc.DemoWebShop" tests="1" failures="0" timestamp="2022-06-10T18:34:29 IST" time="5.447" errors="0">
  <testcase name="registerData" time="5.447" classname="Com.cjc.DemoWebShop"/>
  <system-out/>
</testsuite> <!-- Com.cjc.DemoWebShop -->
